<?xml version="1.0" encoding="UTF-8"?>
<testsuite name="baseline.Solution24Test" tests="3" skipped="0" failures="0" errors="0" timestamp="2021-09-23T18:49:07" hostname="DESKTOP-03MLBTC" time="0.015">
  <properties/>
  <testcase name="isAnagramTest1()" classname="baseline.Solution24Test" time="0.012"/>
  <testcase name="isAnagramTest2()" classname="baseline.Solution24Test" time="0.001"/>
  <testcase name="isAnagramTest3()" classname="baseline.Solution24Test" time="0.001"/>
  <system-out><![CDATA[]]></system-out>
  <system-err><![CDATA[]]></system-err>
</testsuite>
